\BOOKMARK [0][-]{chapter.1}{\376\377\000D\000e\000s\000c\000r\000i\000p\000t\000i\000o\000n\000\040\000d\000e\000\040\000l\000'\000a\000p\000p\000l\000i\000c\000a\000t\000i\000o\000n\000\040\000d\000\351\000v\000e\000l\000o\000p\000p\000\351\000e}{}% 1
\BOOKMARK [1][-]{section.1.1}{\376\377\000D\000e\000s\000c\000r\000i\000p\000t\000i\000o\000n\000\040\000n\000o\000n\000\040\000t\000e\000c\000h\000n\000i\000q\000u\000e\000\040\000d\000e\000\040\000l\000'\000a\000p\000p\000l\000i\000c\000a\000t\000i\000o\000n}{chapter.1}% 2
\BOOKMARK [1][-]{section.1.2}{\376\377\000D\000e\000s\000c\000r\000i\000p\000t\000i\000o\000n\000\040\000t\000e\000c\000h\000n\000i\000q\000u\000e\000\040\000d\000e\000\040\000l\000'\000a\000p\000p\000l\000i\000c\000a\000t\000i\000o\000n}{chapter.1}% 3
\BOOKMARK [2][-]{subsection.1.2.1}{\376\377\000L\000a\000n\000g\000a\000g\000e\000s\000\040\000d\000e\000\040\000P\000r\000o\000g\000r\000a\000m\000m\000a\000t\000i\000o\000n}{section.1.2}% 4
\BOOKMARK [2][-]{subsection.1.2.2}{\376\377\000B\000i\000b\000l\000i\000o\000t\000h\000\350\000q\000u\000e\000s\000\040\000e\000t\000\040\000F\000r\000a\000m\000e\000w\000o\000r\000k\000s}{section.1.2}% 5
\BOOKMARK [2][-]{subsection.1.2.3}{\376\377\000B\000a\000s\000e\000\040\000d\000e\000\040\000D\000o\000n\000n\000\351\000e\000s}{section.1.2}% 6
\BOOKMARK [2][-]{subsection.1.2.4}{\376\377\000I\000n\000f\000r\000a\000s\000t\000r\000u\000c\000t\000u\000r\000e\000\040\000e\000t\000\040\000D\000\351\000p\000l\000o\000i\000e\000m\000e\000n\000t}{section.1.2}% 7
\BOOKMARK [2][-]{subsection.1.2.5}{\376\377\000O\000u\000t\000i\000l\000s\000\040\000u\000t\000i\000l\000i\000s\000\351\000s\000\040\000p\000o\000u\000r\000\040\000l\000e\000\040\000d\000\351\000v\000e\000l\000o\000p\000p\000e\000m\000e\000n\000t}{section.1.2}% 8
\BOOKMARK [2][-]{subsection.1.2.6}{\376\377\000A\000r\000b\000o\000r\000e\000s\000c\000e\000n\000c\000e\000\040\000d\000e\000s\000\040\000F\000i\000c\000h\000i\000e\000r\000s}{section.1.2}% 9
\BOOKMARK [0][-]{chapter.2}{\376\377\000D\000e\000s\000c\000r\000i\000p\000t\000i\000o\000n\000\040\000d\000e\000s\000\040\000b\000e\000s\000o\000i\000n\000s}{}% 10
\BOOKMARK [1][-]{section.2.1}{\376\377\000B\000e\000s\000o\000i\000n\000s\000\040\000c\000o\000n\000t\000r\000a\000i\000n\000t\000s}{chapter.2}% 11
\BOOKMARK [2][-]{subsection.2.1.1}{\376\377\000M\000a\000t\000\351\000r\000i\000e\000l}{section.2.1}% 12
\BOOKMARK [2][-]{subsection.2.1.2}{\376\377\000S\000y\000s\000t\000\350\000m\000e\000\040\000d\000'\000e\000x\000p\000l\000o\000i\000t\000a\000t\000i\000o\000n}{section.2.1}% 13
\BOOKMARK [2][-]{subsection.2.1.3}{\376\377\000L\000a\000n\000g\000a\000g\000e\000s\000\040\000e\000t\000\040\000B\000i\000b\000l\000i\000o\000t\000h\000\350\000q\000u\000e\000s}{section.2.1}% 14
\BOOKMARK [2][-]{subsection.2.1.4}{\376\377\000S\000y\000s\000t\000\350\000m\000e\000\040\000d\000e\000\040\000G\000e\000s\000t\000i\000o\000n\000\040\000d\000e\000\040\000B\000a\000s\000e\000\040\000d\000e\000\040\000D\000o\000n\000n\000\351\000e\000s\000\040\000\050\000S\000G\000B\000D\000\051}{section.2.1}% 15
\BOOKMARK [2][-]{subsection.2.1.5}{\376\377\000C\000o\000m\000p\000t\000e\000s\000\040\000u\000t\000i\000l\000i\000s\000a\000t\000e\000u\000r\000s}{section.2.1}% 16
\BOOKMARK [2][-]{subsection.2.1.6}{\376\377\000A\000d\000m\000i\000n\000i\000s\000t\000r\000a\000t\000i\000o\000n\000\040\000\340\000\040\000D\000i\000s\000t\000a\000n\000c\000e}{section.2.1}% 17
\BOOKMARK [1][-]{section.2.2}{\376\377\000B\000e\000s\000o\000i\000n\000s\000\040\000o\000u\000v\000e\000r\000t\000s}{chapter.2}% 18
\BOOKMARK [2][-]{subsection.2.2.1}{\376\377\000D\000i\000s\000t\000r\000i\000b\000u\000t\000i\000o\000n\000\040\000L\000i\000n\000u\000x}{section.2.2}% 19
\BOOKMARK [2][-]{subsection.2.2.2}{\376\377\000S\000e\000r\000v\000e\000u\000r\000\040\000w\000e\000b}{section.2.2}% 20
\BOOKMARK [2][-]{subsection.2.2.3}{\376\377\000S\000e\000r\000v\000e\000u\000r\000\040\000d\000e\000\040\000m\000e\000s\000s\000a\000g\000e\000r\000i\000e}{section.2.2}% 21
\BOOKMARK [2][-]{subsection.2.2.4}{\376\377\000N\000o\000m\000\040\000d\000e\000\040\000d\000o\000m\000a\000i\000n\000e}{section.2.2}% 22
\BOOKMARK [1][-]{section.2.3}{\376\377\000S\000\351\000c\000u\000r\000i\000s\000a\000t\000i\000o\000n\000\040\000/\000\040\000U\000t\000i\000l\000i\000s\000a\000t\000i\000o\000n\000\040\000d\000e\000\040\000T\000L\000S}{chapter.2}% 23
\BOOKMARK [2][-]{subsection.2.3.1}{\376\377\000P\000o\000u\000r\000q\000u\000o\000i\000\040\000s\000\351\000c\000u\000r\000i\000s\000e\000r\000\040\000u\000n\000\040\000s\000i\000t\000e\000\040\000w\000e\000b\000\040\000?}{section.2.3}% 24
\BOOKMARK [2][-]{subsection.2.3.2}{\376\377\000O\000b\000j\000e\000c\000t\000i\000f\000\040\000d\000e\000\040\000T\000L\000S}{section.2.3}% 25
\BOOKMARK [2][-]{subsection.2.3.3}{\376\377\000M\000i\000s\000e\000\040\000e\000n\000\040\000p\000l\000a\000c\000e\000\040\000d\000e\000\040\000T\000L\000S}{section.2.3}% 26
